# JRE version: 7.0_06-b24
# Java VM: Java HotSpot(TM) Client VM (23.2-b09 mixed mode, sharing windows-x86 )
Heap
 def new generation   total 4928K, used 647K [0x236f0000, 0x23c40000, 0x28c40000)
  eden space 4416K,   3% used [0x236f0000, 0x23711ee0, 0x23b40000)
  from space 512K, 100% used [0x23bc0000, 0x23c40000, 0x23c40000)
  to   space 512K,   0% used [0x23b40000, 0x23b40000, 0x23bc0000)
 tenured generation   total 10944K, used 4805K [0x28c40000, 0x296f0000, 0x336f0000)
   the space 10944K,  43% used [0x28c40000, 0x290f1650, 0x290f1800, 0x296f0000)
 compacting perm gen  total 12288K, used 4347K [0x336f0000, 0x342f0000, 0x376f0000)
   the space 12288K,  35% used [0x336f0000, 0x33b2ef90, 0x33b2f000, 0x342f0000)
    ro space 10240K,  42% used [0x376f0000, 0x37b2f4a0, 0x37b2f600, 0x380f0000)
    rw space 12288K,  54% used [0x380f0000, 0x3876fc80, 0x3876fe00, 0x38cf0000)
GC Heap History (8 events):
Event: 0.280 GC heap before
{Heap before GC invocations=0 (full 0):
 def new generation   total 4928K, used 3918K [0x236f0000, 0x23c40000, 0x28c40000)
  eden space 4416K,  88% used [0x236f0000, 0x23ac3a78, 0x23b40000)
  from space 512K,   0% used [0x23b40000, 0x23b40000, 0x23bc0000)
  to   space 512K,   0% used [0x23bc0000, 0x23bc0000, 0x23c40000)
 tenured generation   total 10944K, used 0K [0x28c40000, 0x296f0000, 0x336f0000)
   the space 10944K,   0% used [0x28c40000, 0x28c40000, 0x28c40200, 0x296f0000)
 compacting perm gen  total 12288K, used 1014K [0x336f0000, 0x342f0000, 0x376f0000)
   the space 12288K,   8% used [0x336f0000, 0x337ed978, 0x337eda00, 0x342f0000)
    ro space 10240K,  42% used [0x376f0000, 0x37b2f4a0, 0x37b2f600, 0x380f0000)
    rw space 12288K,  54% used [0x380f0000, 0x3876fc80, 0x3876fe00, 0x38cf0000)
Event: 0.285 GC heap after
Heap after GC invocations=1 (full 0):
 def new generation   total 4928K, used 512K [0x236f0000, 0x23c40000, 0x28c40000)
  eden space 4416K,   0% used [0x236f0000, 0x236f0000, 0x23b40000)
  from space 512K, 100% used [0x23bc0000, 0x23c40000, 0x23c40000)
  to   space 512K,   0% used [0x23b40000, 0x23b40000, 0x23bc0000)
 tenured generation   total 10944K, used 668K [0x28c40000, 0x296f0000, 0x336f0000)
   the space 10944K,   6% used [0x28c40000, 0x28ce71a0, 0x28ce7200, 0x296f0000)
 compacting perm gen  total 12288K, used 1014K [0x336f0000, 0x342f0000, 0x376f0000)
   the space 12288K,   8% used [0x336f0000, 0x337ed978, 0x337eda00, 0x342f0000)
    ro space 10240K,  42% used [0x376f0000, 0x37b2f4a0, 0x37b2f600, 0x380f0000)
    rw space 12288K,  54% used [0x380f0000, 0x3876fc80, 0x3876fe00, 0x38cf0000)
}
Event: 0.556 GC heap before
{Heap before GC invocations=1 (full 0):
 def new generation   total 4928K, used 4293K [0x236f0000, 0x23c40000, 0x28c40000)
  eden space 4416K,  85% used [0x236f0000, 0x23aa1538, 0x23b40000)
  from space 512K, 100% used [0x23bc0000, 0x23c40000, 0x23c40000)
  to   space 512K,   0% used [0x23b40000, 0x23b40000, 0x23bc0000)
 tenured generation   total 10944K, used 668K [0x28c40000, 0x296f0000, 0x336f0000)
   the space 10944K,   6% used [0x28c40000, 0x28ce71a0, 0x28ce7200, 0x296f0000)
 compacting perm gen  total 12288K, used 1857K [0x336f0000, 0x342f0000, 0x376f0000)
   the space 12288K,  15% used [0x336f0000, 0x338c07f0, 0x338c0800, 0x342f0000)
    ro space 10240K,  42% used [0x376f0000, 0x37b2f4a0, 0x37b2f600, 0x380f0000)
    rw space 12288K,  54% used [0x380f0000, 0x3876fc80, 0x3876fe00, 0x38cf0000)
Event: 0.562 GC heap after
Heap after GC invocations=2 (full 0):
 def new generation   total 4928K, used 512K [0x236f0000, 0x23c40000, 0x28c40000)
  eden space 4416K,   0% used [0x236f0000, 0x236f0000, 0x23b40000)
  from space 512K, 100% used [0x23b40000, 0x23bc0000, 0x23bc0000)
  to   space 512K,   0% used [0x23bc0000, 0x23bc0000, 0x23c40000)
 tenured generation   total 10944K, used 1501K [0x28c40000, 0x296f0000, 0x336f0000)
   the space 10944K,  13% used [0x28c40000, 0x28db7460, 0x28db7600, 0x296f0000)
 compacting perm gen  total 12288K, used 1857K [0x336f0000, 0x342f0000, 0x376f0000)
   the space 12288K,  15% used [0x336f0000, 0x338c07f0, 0x338c0800, 0x342f0000)
    ro space 10240K,  42% used [0x376f0000, 0x37b2f4a0, 0x37b2f600, 0x380f0000)
    rw space 12288K,  54% used [0x380f0000, 0x3876fc80, 0x3876fe00, 0x38cf0000)
}
Event: 0.932 GC heap before
{Heap before GC invocations=2 (full 0):
 def new generation   total 4928K, used 4924K [0x236f0000, 0x23c40000, 0x28c40000)
  eden space 4416K,  99% used [0x236f0000, 0x23b3f0e0, 0x23b40000)
  from space 512K, 100% used [0x23b40000, 0x23bc0000, 0x23bc0000)
  to   space 512K,   0% used [0x23bc0000, 0x23bc0000, 0x23c40000)
 tenured generation   total 10944K, used 1501K [0x28c40000, 0x296f0000, 0x336f0000)
   the space 10944K,  13% used [0x28c40000, 0x28db7460, 0x28db7600, 0x296f0000)
 compacting perm gen  total 12288K, used 2672K [0x336f0000, 0x342f0000, 0x376f0000)
   the space 12288K,  21% used [0x336f0000, 0x3398c390, 0x3398c400, 0x342f0000)
    ro space 10240K,  42% used [0x376f0000, 0x37b2f4a0, 0x37b2f600, 0x380f0000)
    rw space 12288K,  54% used [0x380f0000, 0x3876fc80, 0x3876fe00, 0x38cf0000)
Event: 0.938 GC heap after
Heap after GC invocations=3 (full 0):
 def new generation   total 4928K, used 512K [0x236f0000, 0x23c40000, 0x28c40000)
  eden space 4416K,   0% used [0x236f0000, 0x236f0000, 0x23b40000)
  from space 512K, 100% used [0x23bc0000, 0x23c40000, 0x23c40000)
  to   space 512K,   0% used [0x23b40000, 0x23b40000, 0x23bc0000)
 tenured generation   total 10944K, used 3227K [0x28c40000, 0x296f0000, 0x336f0000)
   the space 10944K,  29% used [0x28c40000, 0x28f66d08, 0x28f66e00, 0x296f0000)
 compacting perm gen  total 12288K, used 2672K [0x336f0000, 0x342f0000, 0x376f0000)
   the space 12288K,  21% used [0x336f0000, 0x3398c390, 0x3398c400, 0x342f0000)
    ro space 10240K,  42% used [0x376f0000, 0x37b2f4a0, 0x37b2f600, 0x380f0000)
    rw space 12288K,  54% used [0x380f0000, 0x3876fc80, 0x3876fe00, 0x38cf0000)
}
Event: 3.226 GC heap before
{Heap before GC invocations=3 (full 0):
 def new generation   total 4928K, used 4928K [0x236f0000, 0x23c40000, 0x28c40000)
  eden space 4416K, 100% used [0x236f0000, 0x23b40000, 0x23b40000)
  from space 512K, 100% used [0x23bc0000, 0x23c40000, 0x23c40000)
  to   space 512K,   0% used [0x23b40000, 0x23b40000, 0x23bc0000)
 tenured generation   total 10944K, used 3227K [0x28c40000, 0x296f0000, 0x336f0000)
   the space 10944K,  29% used [0x28c40000, 0x28f66d08, 0x28f66e00, 0x296f0000)
 compacting perm gen  total 12288K, used 4115K [0x336f0000, 0x342f0000, 0x376f0000)
   the space 12288K,  33% used [0x336f0000, 0x33af4d70, 0x33af4e00, 0x342f0000)
    ro space 10240K,  42% used [0x376f0000, 0x37b2f4a0, 0x37b2f600, 0x380f0000)
    rw space 12288K,  54% used [0x380f0000, 0x3876fc80, 0x3876fe00, 0x38cf0000)
Event: 3.236 GC heap after
Heap after GC invocations=4 (full 0):
 def new generation   total 4928K, used 512K [0x236f0000, 0x23c40000, 0x28c40000)
  eden space 4416K,   0% used [0x236f0000, 0x236f0000, 0x23b40000)
  from space 512K, 100% used [0x23b40000, 0x23bc0000, 0x23bc0000)
  to   space 512K,   0% used [0x23bc0000, 0x23bc0000, 0x23c40000)
 tenured generation   total 10944K, used 4155K [0x28c40000, 0x296f0000, 0x336f0000)
   the space 10944K,  37% used [0x28c40000, 0x2904ecb0, 0x2904ee00, 0x296f0000)
 compacting perm gen  total 12288K, used 4115K [0x336f0000, 0x342f0000, 0x376f0000)
   the space 12288K,  33% used [0x336f0000, 0x33af4d70, 0x33af4e00, 0x342f0000)
    ro space 10240K,  42% used [0x376f0000, 0x37b2f4a0, 0x37b2f600, 0x380f0000)
    rw space 12288K,  54% used [0x380f0000, 0x3876fc80, 0x3876fe00, 0x38cf0000)
}

