# JRE version: 7.0_06-b24
# Java VM: Java HotSpot(TM) Client VM (23.2-b09 mixed mode, sharing windows-x86 )
Heap
 def new generation   total 25920K, used 20095K [0x236f0000, 0x25300000, 0x28c40000)
  eden space 23104K,  86% used [0x236f0000, 0x24a8ffd0, 0x24d80000)
  from space 2816K,   0% used [0x24d80000, 0x24d80000, 0x25040000)
  to   space 2816K,   0% used [0x25040000, 0x25040000, 0x25300000)
 tenured generation   total 57428K, used 34456K [0x28c40000, 0x2c455000, 0x336f0000)
   the space 57428K,  59% used [0x28c40000, 0x2ade6118, 0x2ade6200, 0x2c455000)
 compacting perm gen  total 12288K, used 4725K [0x336f0000, 0x342f0000, 0x376f0000)
   the space 12288K,  38% used [0x336f0000, 0x33b8d450, 0x33b8d600, 0x342f0000)
    ro space 10240K,  42% used [0x376f0000, 0x37b2f4a0, 0x37b2f600, 0x380f0000)
    rw space 12288K,  54% used [0x380f0000, 0x3876fc80, 0x3876fe00, 0x38cf0000)
GC Heap History (10 events):
Event: 16.116 GC heap before
{Heap before GC invocations=27 (full 3):
 def new generation   total 20736K, used 20736K [0x236f0000, 0x24d70000, 0x28c40000)
  eden space 18432K, 100% used [0x236f0000, 0x248f0000, 0x248f0000)
  from space 2304K, 100% used [0x248f0000, 0x24b30000, 0x24b30000)
  to   space 2304K,   0% used [0x24b30000, 0x24b30000, 0x24d70000)
 tenured generation   total 45992K, used 35996K [0x28c40000, 0x2b92a000, 0x336f0000)
   the space 45992K,  78% used [0x28c40000, 0x2af67380, 0x2af67400, 0x2b92a000)
 compacting perm gen  total 12288K, used 4679K [0x336f0000, 0x342f0000, 0x376f0000)
   the space 12288K,  38% used [0x336f0000, 0x33b81f98, 0x33b82000, 0x342f0000)
    ro space 10240K,  42% used [0x376f0000, 0x37b2f4a0, 0x37b2f600, 0x380f0000)
    rw space 12288K,  54% used [0x380f0000, 0x3876fc80, 0x3876fe00, 0x38cf0000)
Event: 16.127 GC heap after
Heap after GC invocations=28 (full 3):
 def new generation   total 20736K, used 2303K [0x236f0000, 0x24d70000, 0x28c40000)
  eden space 18432K,   0% used [0x236f0000, 0x236f0000, 0x248f0000)
  from space 2304K,  99% used [0x24b30000, 0x24d6fff0, 0x24d70000)
  to   space 2304K,   0% used [0x248f0000, 0x248f0000, 0x24b30000)
 tenured generation   total 45992K, used 39345K [0x28c40000, 0x2b92a000, 0x336f0000)
   the space 45992K,  85% used [0x28c40000, 0x2b2ac560, 0x2b2ac600, 0x2b92a000)
 compacting perm gen  total 12288K, used 4679K [0x336f0000, 0x342f0000, 0x376f0000)
   the space 12288K,  38% used [0x336f0000, 0x33b81f98, 0x33b82000, 0x342f0000)
    ro space 10240K,  42% used [0x376f0000, 0x37b2f4a0, 0x37b2f600, 0x380f0000)
    rw space 12288K,  54% used [0x380f0000, 0x3876fc80, 0x3876fe00, 0x38cf0000)
}
Event: 16.272 GC heap before
{Heap before GC invocations=28 (full 3):
 def new generation   total 20736K, used 20735K [0x236f0000, 0x24d70000, 0x28c40000)
  eden space 18432K, 100% used [0x236f0000, 0x248f0000, 0x248f0000)
  from space 2304K,  99% used [0x24b30000, 0x24d6fff0, 0x24d70000)
  to   space 2304K,   0% used [0x248f0000, 0x248f0000, 0x24b30000)
 tenured generation   total 45992K, used 39345K [0x28c40000, 0x2b92a000, 0x336f0000)
   the space 45992K,  85% used [0x28c40000, 0x2b2ac560, 0x2b2ac600, 0x2b92a000)
 compacting perm gen  total 12288K, used 4679K [0x336f0000, 0x342f0000, 0x376f0000)
   the space 12288K,  38% used [0x336f0000, 0x33b81fa8, 0x33b82000, 0x342f0000)
    ro space 10240K,  42% used [0x376f0000, 0x37b2f4a0, 0x37b2f600, 0x380f0000)
    rw space 12288K,  54% used [0x380f0000, 0x3876fc80, 0x3876fe00, 0x38cf0000)
Event: 16.280 GC heap after
Heap after GC invocations=29 (full 3):
 def new generation   total 20736K, used 319K [0x236f0000, 0x24d70000, 0x28c40000)
  eden space 18432K,   0% used [0x236f0000, 0x236f0000, 0x248f0000)
  from space 2304K,  13% used [0x248f0000, 0x2493ffb8, 0x24b30000)
  to   space 2304K,   0% used [0x24b30000, 0x24b30000, 0x24d70000)
 tenured generation   total 45992K, used 41642K [0x28c40000, 0x2b92a000, 0x336f0000)
   the space 45992K,  90% used [0x28c40000, 0x2b4eaae0, 0x2b4eac00, 0x2b92a000)
 compacting perm gen  total 12288K, used 4679K [0x336f0000, 0x342f0000, 0x376f0000)
   the space 12288K,  38% used [0x336f0000, 0x33b81fa8, 0x33b82000, 0x342f0000)
    ro space 10240K,  42% used [0x376f0000, 0x37b2f4a0, 0x37b2f600, 0x380f0000)
    rw space 12288K,  54% used [0x380f0000, 0x3876fc80, 0x3876fe00, 0x38cf0000)
}
Event: 16.405 GC heap before
{Heap before GC invocations=29 (full 3):
 def new generation   total 20736K, used 18683K [0x236f0000, 0x24d70000, 0x28c40000)
  eden space 18432K,  99% used [0x236f0000, 0x248ded50, 0x248f0000)
  from space 2304K,  13% used [0x248f0000, 0x2493ffb8, 0x24b30000)
  to   space 2304K,   0% used [0x24b30000, 0x24b30000, 0x24d70000)
 tenured generation   total 45992K, used 41642K [0x28c40000, 0x2b92a000, 0x336f0000)
   the space 45992K,  90% used [0x28c40000, 0x2b4eaae0, 0x2b4eac00, 0x2b92a000)
 compacting perm gen  total 12288K, used 4705K [0x336f0000, 0x342f0000, 0x376f0000)
   the space 12288K,  38% used [0x336f0000, 0x33b88478, 0x33b88600, 0x342f0000)
    ro space 10240K,  42% used [0x376f0000, 0x37b2f4a0, 0x37b2f600, 0x380f0000)
    rw space 12288K,  54% used [0x380f0000, 0x3876fc80, 0x3876fe00, 0x38cf0000)
Event: 16.407 GC heap after
Heap after GC invocations=30 (full 3):
 def new generation   total 20736K, used 925K [0x236f0000, 0x24d70000, 0x28c40000)
  eden space 18432K,   0% used [0x236f0000, 0x236f0000, 0x248f0000)
  from space 2304K,  40% used [0x24b30000, 0x24c17520, 0x24d70000)
  to   space 2304K,   0% used [0x248f0000, 0x248f0000, 0x24b30000)
 tenured generation   total 45992K, used 41642K [0x28c40000, 0x2b92a000, 0x336f0000)
   the space 45992K,  90% used [0x28c40000, 0x2b4eaae0, 0x2b4eac00, 0x2b92a000)
 compacting perm gen  total 12288K, used 4705K [0x336f0000, 0x342f0000, 0x376f0000)
   the space 12288K,  38% used [0x336f0000, 0x33b88478, 0x33b88600, 0x342f0000)
    ro space 10240K,  42% used [0x376f0000, 0x37b2f4a0, 0x37b2f600, 0x380f0000)
    rw space 12288K,  54% used [0x380f0000, 0x3876fc80, 0x3876fe00, 0x38cf0000)
}
Event: 16.476 GC heap before
{Heap before GC invocations=30 (full 3):
 def new generation   total 20736K, used 19357K [0x236f0000, 0x24d70000, 0x28c40000)
  eden space 18432K, 100% used [0x236f0000, 0x248f0000, 0x248f0000)
  from space 2304K,  40% used [0x24b30000, 0x24c17520, 0x24d70000)
  to   space 2304K,   0% used [0x248f0000, 0x248f0000, 0x24b30000)
 tenured generation   total 45992K, used 41642K [0x28c40000, 0x2b92a000, 0x336f0000)
   the space 45992K,  90% used [0x28c40000, 0x2b4eaae0, 0x2b4eac00, 0x2b92a000)
 compacting perm gen  total 12288K, used 4723K [0x336f0000, 0x342f0000, 0x376f0000)
   the space 12288K,  38% used [0x336f0000, 0x33b8cdb8, 0x33b8ce00, 0x342f0000)
    ro space 10240K,  42% used [0x376f0000, 0x37b2f4a0, 0x37b2f600, 0x380f0000)
    rw space 12288K,  54% used [0x380f0000, 0x3876fc80, 0x3876fe00, 0x38cf0000)
Event: 16.485 GC heap after
Heap after GC invocations=31 (full 3):
 def new generation   total 20736K, used 2304K [0x236f0000, 0x24d70000, 0x28c40000)
  eden space 18432K,   0% used [0x236f0000, 0x236f0000, 0x248f0000)
  from space 2304K, 100% used [0x248f0000, 0x24b30000, 0x24b30000)
  to   space 2304K,   0% used [0x24b30000, 0x24b30000, 0x24d70000)
 tenured generation   total 45992K, used 44471K [0x28c40000, 0x2b92a000, 0x336f0000)
   the space 45992K,  96% used [0x28c40000, 0x2b7adf38, 0x2b7ae000, 0x2b92a000)
 compacting perm gen  total 12288K, used 4723K [0x336f0000, 0x342f0000, 0x376f0000)
   the space 12288K,  38% used [0x336f0000, 0x33b8cdb8, 0x33b8ce00, 0x342f0000)
    ro space 10240K,  42% used [0x376f0000, 0x37b2f4a0, 0x37b2f600, 0x380f0000)
    rw space 12288K,  54% used [0x380f0000, 0x3876fc80, 0x3876fe00, 0x38cf0000)
}
Event: 16.789 GC heap before
{Heap before GC invocations=31 (full 3):
 def new generation   total 20736K, used 20736K [0x236f0000, 0x24d70000, 0x28c40000)
  eden space 18432K, 100% used [0x236f0000, 0x248f0000, 0x248f0000)
  from space 2304K, 100% used [0x248f0000, 0x24b30000, 0x24b30000)
  to   space 2304K,   0% used [0x24b30000, 0x24b30000, 0x24d70000)
 tenured generation   total 45992K, used 44471K [0x28c40000, 0x2b92a000, 0x336f0000)
   the space 45992K,  96% used [0x28c40000, 0x2b7adf38, 0x2b7ae000, 0x2b92a000)
 compacting perm gen  total 12288K, used 4729K [0x336f0000, 0x342f0000, 0x376f0000)
   the space 12288K,  38% used [0x336f0000, 0x33b8e738, 0x33b8e800, 0x342f0000)
    ro space 10240K,  42% used [0x376f0000, 0x37b2f4a0, 0x37b2f600, 0x380f0000)
    rw space 12288K,  54% used [0x380f0000, 0x3876fc80, 0x3876fe00, 0x38cf0000)
Event: 16.865 GC heap after
Heap after GC invocations=32 (full 4):
 def new generation   total 25920K, used 0K [0x236f0000, 0x25300000, 0x28c40000)
  eden space 23104K,   0% used [0x236f0000, 0x236f0000, 0x24d80000)
  from space 2816K,   0% used [0x24d80000, 0x24d80000, 0x25040000)
  to   space 2816K,   0% used [0x25040000, 0x25040000, 0x25300000)
 tenured generation   total 57428K, used 34456K [0x28c40000, 0x2c455000, 0x336f0000)
   the space 57428K,  59% used [0x28c40000, 0x2ade6118, 0x2ade6200, 0x2c455000)
 compacting perm gen  total 12288K, used 4723K [0x336f0000, 0x342f0000, 0x376f0000)
   the space 12288K,  38% used [0x336f0000, 0x33b8cf20, 0x33b8d000, 0x342f0000)
    ro space 10240K,  42% used [0x376f0000, 0x37b2f4a0, 0x37b2f600, 0x380f0000)
    rw space 12288K,  54% used [0x380f0000, 0x3876fc80, 0x3876fe00, 0x38cf0000)
}

