# JRE version: 7.0_06-b24
# Java VM: Java HotSpot(TM) Client VM (23.2-b09 mixed mode, sharing windows-x86 )
Heap
 def new generation   total 4928K, used 603K [0x236f0000, 0x23c40000, 0x28c40000)
  eden space 4416K,   2% used [0x236f0000, 0x23706fb0, 0x23b40000)
  from space 512K, 100% used [0x23bc0000, 0x23c40000, 0x23c40000)
  to   space 512K,   0% used [0x23b40000, 0x23b40000, 0x23bc0000)
 tenured generation   total 10944K, used 10890K [0x28c40000, 0x296f0000, 0x336f0000)
   the space 10944K,  99% used [0x28c40000, 0x296e2bd8, 0x296e2c00, 0x296f0000)
 compacting perm gen  total 12288K, used 4438K [0x336f0000, 0x342f0000, 0x376f0000)
   the space 12288K,  36% used [0x336f0000, 0x33b45af8, 0x33b45c00, 0x342f0000)
    ro space 10240K,  42% used [0x376f0000, 0x37b2f4a0, 0x37b2f600, 0x380f0000)
    rw space 12288K,  54% used [0x380f0000, 0x3876fc80, 0x3876fe00, 0x38cf0000)
GC Heap History (10 events):
Event: 44.366 GC heap before
{Heap before GC invocations=5 (full 0):
 def new generation   total 4928K, used 4807K [0x236f0000, 0x23c40000, 0x28c40000)
  eden space 4416K, 100% used [0x236f0000, 0x23b40000, 0x23b40000)
  from space 512K,  76% used [0x23bc0000, 0x23c21c90, 0x23c40000)
  to   space 512K,   0% used [0x23b40000, 0x23b40000, 0x23bc0000)
 tenured generation   total 10944K, used 4589K [0x28c40000, 0x296f0000, 0x336f0000)
   the space 10944K,  41% used [0x28c40000, 0x290bb548, 0x290bb600, 0x296f0000)
 compacting perm gen  total 12288K, used 4381K [0x336f0000, 0x342f0000, 0x376f0000)
   the space 12288K,  35% used [0x336f0000, 0x33b37430, 0x33b37600, 0x342f0000)
    ro space 10240K,  42% used [0x376f0000, 0x37b2f4a0, 0x37b2f600, 0x380f0000)
    rw space 12288K,  54% used [0x380f0000, 0x3876fc80, 0x3876fe00, 0x38cf0000)
Event: 44.374 GC heap after
Heap after GC invocations=6 (full 0):
 def new generation   total 4928K, used 512K [0x236f0000, 0x23c40000, 0x28c40000)
  eden space 4416K,   0% used [0x236f0000, 0x236f0000, 0x23b40000)
  from space 512K, 100% used [0x23b40000, 0x23bc0000, 0x23bc0000)
  to   space 512K,   0% used [0x23bc0000, 0x23bc0000, 0x23c40000)
 tenured generation   total 10944K, used 5155K [0x28c40000, 0x296f0000, 0x336f0000)
   the space 10944K,  47% used [0x28c40000, 0x29148c40, 0x29148e00, 0x296f0000)
 compacting perm gen  total 12288K, used 4381K [0x336f0000, 0x342f0000, 0x376f0000)
   the space 12288K,  35% used [0x336f0000, 0x33b37430, 0x33b37600, 0x342f0000)
    ro space 10240K,  42% used [0x376f0000, 0x37b2f4a0, 0x37b2f600, 0x380f0000)
    rw space 12288K,  54% used [0x380f0000, 0x3876fc80, 0x3876fe00, 0x38cf0000)
}
Event: 44.469 GC heap before
{Heap before GC invocations=6 (full 0):
 def new generation   total 4928K, used 4928K [0x236f0000, 0x23c40000, 0x28c40000)
  eden space 4416K, 100% used [0x236f0000, 0x23b40000, 0x23b40000)
  from space 512K, 100% used [0x23b40000, 0x23bc0000, 0x23bc0000)
  to   space 512K,   0% used [0x23bc0000, 0x23bc0000, 0x23c40000)
 tenured generation   total 10944K, used 5155K [0x28c40000, 0x296f0000, 0x336f0000)
   the space 10944K,  47% used [0x28c40000, 0x29148c40, 0x29148e00, 0x296f0000)
 compacting perm gen  total 12288K, used 4395K [0x336f0000, 0x342f0000, 0x376f0000)
   the space 12288K,  35% used [0x336f0000, 0x33b3ae98, 0x33b3b000, 0x342f0000)
    ro space 10240K,  42% used [0x376f0000, 0x37b2f4a0, 0x37b2f600, 0x380f0000)
    rw space 12288K,  54% used [0x380f0000, 0x3876fc80, 0x3876fe00, 0x38cf0000)
Event: 44.474 GC heap after
Heap after GC invocations=7 (full 0):
 def new generation   total 4928K, used 512K [0x236f0000, 0x23c40000, 0x28c40000)
  eden space 4416K,   0% used [0x236f0000, 0x236f0000, 0x23b40000)
  from space 512K, 100% used [0x23bc0000, 0x23c40000, 0x23c40000)
  to   space 512K,   0% used [0x23b40000, 0x23b40000, 0x23bc0000)
 tenured generation   total 10944K, used 6276K [0x28c40000, 0x296f0000, 0x336f0000)
   the space 10944K,  57% used [0x28c40000, 0x29261298, 0x29261400, 0x296f0000)
 compacting perm gen  total 12288K, used 4395K [0x336f0000, 0x342f0000, 0x376f0000)
   the space 12288K,  35% used [0x336f0000, 0x33b3ae98, 0x33b3b000, 0x342f0000)
    ro space 10240K,  42% used [0x376f0000, 0x37b2f4a0, 0x37b2f600, 0x380f0000)
    rw space 12288K,  54% used [0x380f0000, 0x3876fc80, 0x3876fe00, 0x38cf0000)
}
Event: 44.542 GC heap before
{Heap before GC invocations=7 (full 0):
 def new generation   total 4928K, used 4928K [0x236f0000, 0x23c40000, 0x28c40000)
  eden space 4416K, 100% used [0x236f0000, 0x23b40000, 0x23b40000)
  from space 512K, 100% used [0x23bc0000, 0x23c40000, 0x23c40000)
  to   space 512K,   0% used [0x23b40000, 0x23b40000, 0x23bc0000)
 tenured generation   total 10944K, used 6276K [0x28c40000, 0x296f0000, 0x336f0000)
   the space 10944K,  57% used [0x28c40000, 0x29261298, 0x29261400, 0x296f0000)
 compacting perm gen  total 12288K, used 4401K [0x336f0000, 0x342f0000, 0x376f0000)
   the space 12288K,  35% used [0x336f0000, 0x33b3c6a0, 0x33b3c800, 0x342f0000)
    ro space 10240K,  42% used [0x376f0000, 0x37b2f4a0, 0x37b2f600, 0x380f0000)
    rw space 12288K,  54% used [0x380f0000, 0x3876fc80, 0x3876fe00, 0x38cf0000)
Event: 44.547 GC heap after
Heap after GC invocations=8 (full 0):
 def new generation   total 4928K, used 512K [0x236f0000, 0x23c40000, 0x28c40000)
  eden space 4416K,   0% used [0x236f0000, 0x236f0000, 0x23b40000)
  from space 512K, 100% used [0x23b40000, 0x23bc0000, 0x23bc0000)
  to   space 512K,   0% used [0x23bc0000, 0x23bc0000, 0x23c40000)
 tenured generation   total 10944K, used 7264K [0x28c40000, 0x296f0000, 0x336f0000)
   the space 10944K,  66% used [0x28c40000, 0x29358160, 0x29358200, 0x296f0000)
 compacting perm gen  total 12288K, used 4401K [0x336f0000, 0x342f0000, 0x376f0000)
   the space 12288K,  35% used [0x336f0000, 0x33b3c6a0, 0x33b3c800, 0x342f0000)
    ro space 10240K,  42% used [0x376f0000, 0x37b2f4a0, 0x37b2f600, 0x380f0000)
    rw space 12288K,  54% used [0x380f0000, 0x3876fc80, 0x3876fe00, 0x38cf0000)
}
Event: 44.592 GC heap before
{Heap before GC invocations=8 (full 0):
 def new generation   total 4928K, used 4928K [0x236f0000, 0x23c40000, 0x28c40000)
  eden space 4416K, 100% used [0x236f0000, 0x23b40000, 0x23b40000)
  from space 512K, 100% used [0x23b40000, 0x23bc0000, 0x23bc0000)
  to   space 512K,   0% used [0x23bc0000, 0x23bc0000, 0x23c40000)
 tenured generation   total 10944K, used 7264K [0x28c40000, 0x296f0000, 0x336f0000)
   the space 10944K,  66% used [0x28c40000, 0x29358160, 0x29358200, 0x296f0000)
 compacting perm gen  total 12288K, used 4403K [0x336f0000, 0x342f0000, 0x376f0000)
   the space 12288K,  35% used [0x336f0000, 0x33b3cee8, 0x33b3d000, 0x342f0000)
    ro space 10240K,  42% used [0x376f0000, 0x37b2f4a0, 0x37b2f600, 0x380f0000)
    rw space 12288K,  54% used [0x380f0000, 0x3876fc80, 0x3876fe00, 0x38cf0000)
Event: 44.598 GC heap after
Heap after GC invocations=9 (full 0):
 def new generation   total 4928K, used 512K [0x236f0000, 0x23c40000, 0x28c40000)
  eden space 4416K,   0% used [0x236f0000, 0x236f0000, 0x23b40000)
  from space 512K, 100% used [0x23bc0000, 0x23c40000, 0x23c40000)
  to   space 512K,   0% used [0x23b40000, 0x23b40000, 0x23bc0000)
 tenured generation   total 10944K, used 8743K [0x28c40000, 0x296f0000, 0x336f0000)
   the space 10944K,  79% used [0x28c40000, 0x294c9e28, 0x294ca000, 0x296f0000)
 compacting perm gen  total 12288K, used 4403K [0x336f0000, 0x342f0000, 0x376f0000)
   the space 12288K,  35% used [0x336f0000, 0x33b3cee8, 0x33b3d000, 0x342f0000)
    ro space 10240K,  42% used [0x376f0000, 0x37b2f4a0, 0x37b2f600, 0x380f0000)
    rw space 12288K,  54% used [0x380f0000, 0x3876fc80, 0x3876fe00, 0x38cf0000)
}
Event: 44.702 GC heap before
{Heap before GC invocations=9 (full 0):
 def new generation   total 4928K, used 4698K [0x236f0000, 0x23c40000, 0x28c40000)
  eden space 4416K,  94% used [0x236f0000, 0x23b06b40, 0x23b40000)
  from space 512K, 100% used [0x23bc0000, 0x23c40000, 0x23c40000)
  to   space 512K,   0% used [0x23b40000, 0x23b40000, 0x23bc0000)
 tenured generation   total 10944K, used 8743K [0x28c40000, 0x296f0000, 0x336f0000)
   the space 10944K,  79% used [0x28c40000, 0x294c9e28, 0x294ca000, 0x296f0000)
 compacting perm gen  total 12288K, used 4404K [0x336f0000, 0x342f0000, 0x376f0000)
   the space 12288K,  35% used [0x336f0000, 0x33b3d1c8, 0x33b3d200, 0x342f0000)
    ro space 10240K,  42% used [0x376f0000, 0x37b2f4a0, 0x37b2f600, 0x380f0000)
    rw space 12288K,  54% used [0x380f0000, 0x3876fc80, 0x3876fe00, 0x38cf0000)
Event: 44.707 GC heap after
Heap after GC invocations=10 (full 0):
 def new generation   total 4928K, used 512K [0x236f0000, 0x23c40000, 0x28c40000)
  eden space 4416K,   0% used [0x236f0000, 0x236f0000, 0x23b40000)
  from space 512K, 100% used [0x23b40000, 0x23bc0000, 0x23bc0000)
  to   space 512K,   0% used [0x23bc0000, 0x23bc0000, 0x23c40000)
 tenured generation   total 10944K, used 10196K [0x28c40000, 0x296f0000, 0x336f0000)
   the space 10944K,  93% used [0x28c40000, 0x296350b0, 0x29635200, 0x296f0000)
 compacting perm gen  total 12288K, used 4404K [0x336f0000, 0x342f0000, 0x376f0000)
   the space 12288K,  35% used [0x336f0000, 0x33b3d1c8, 0x33b3d200, 0x342f0000)
    ro space 10240K,  42% used [0x376f0000, 0x37b2f4a0, 0x37b2f600, 0x380f0000)
    rw space 12288K,  54% used [0x380f0000, 0x3876fc80, 0x3876fe00, 0x38cf0000)
}

